# JRE version: Java(TM) SE Runtime Environment (8.0_181-b13) (build 1.8.0_181-b13)
# Java VM: Java HotSpot(TM) 64-Bit Server VM (25.181-b13 mixed mode windows-amd64 compressed oops)
Heap:
 PSYoungGen      total 37888K, used 32874K [0x00000000d6300000, 0x00000000d8d00000, 0x0000000100000000)
  eden space 32768K, 85% used [0x00000000d6300000,0x00000000d7e4de18,0x00000000d8300000)
  from space 5120K, 95% used [0x00000000d8300000,0x00000000d87ccaa0,0x00000000d8800000)
  to   space 5120K, 0% used [0x00000000d8800000,0x00000000d8800000,0x00000000d8d00000)
 ParOldGen       total 64512K, used 7922K [0x0000000082800000, 0x0000000086700000, 0x00000000d6300000)
  object space 64512K, 12% used [0x0000000082800000,0x0000000082fbc9b0,0x0000000086700000)
 Metaspace       used 23924K, capacity 24756K, committed 24960K, reserved 1071104K
  class space    used 3185K, capacity 3391K, committed 3456K, reserved 1048576K
GC Heap History (8 events):
Event: 7.418 GC heap before
{Heap before GC invocations=1 (full 0):
 PSYoungGen      total 37888K, used 32768K [0x00000000d6300000, 0x00000000d8d00000, 0x0000000100000000)
  eden space 32768K, 100% used [0x00000000d6300000,0x00000000d8300000,0x00000000d8300000)
  from space 5120K, 0% used [0x00000000d8800000,0x00000000d8800000,0x00000000d8d00000)
  to   space 5120K, 0% used [0x00000000d8300000,0x00000000d8300000,0x00000000d8800000)
 ParOldGen       total 86016K, used 0K [0x0000000082800000, 0x0000000087c00000, 0x00000000d6300000)
  object space 86016K, 0% used [0x0000000082800000,0x0000000082800000,0x0000000087c00000)
 Metaspace       used 13924K, capacity 14310K, committed 14592K, reserved 1062912K
  class space    used 1677K, capacity 1786K, committed 1792K, reserved 1048576K
Event: 7.438 GC heap after
Heap after GC invocations=1 (full 0):
 PSYoungGen      total 37888K, used 3655K [0x00000000d6300000, 0x00000000d8d00000, 0x0000000100000000)
  eden space 32768K, 0% used [0x00000000d6300000,0x00000000d6300000,0x00000000d8300000)
  from space 5120K, 71% used [0x00000000d8300000,0x00000000d8691ed0,0x00000000d8800000)
  to   space 5120K, 0% used [0x00000000d8800000,0x00000000d8800000,0x00000000d8d00000)
 ParOldGen       total 86016K, used 80K [0x0000000082800000, 0x0000000087c00000, 0x00000000d6300000)
  object space 86016K, 0% used [0x0000000082800000,0x0000000082814010,0x0000000087c00000)
 Metaspace       used 13924K, capacity 14310K, committed 14592K, reserved 1062912K
  class space    used 1677K, capacity 1786K, committed 1792K, reserved 1048576K
}
Event: 14.290 GC heap before
{Heap before GC invocations=2 (full 0):
 PSYoungGen      total 37888K, used 31947K [0x00000000d6300000, 0x00000000d8d00000, 0x0000000100000000)
  eden space 32768K, 86% used [0x00000000d6300000,0x00000000d7ea1100,0x00000000d8300000)
  from space 5120K, 71% used [0x00000000d8300000,0x00000000d8691ed0,0x00000000d8800000)
  to   space 5120K, 0% used [0x00000000d8800000,0x00000000d8800000,0x00000000d8d00000)
 ParOldGen       total 86016K, used 80K [0x0000000082800000, 0x0000000087c00000, 0x00000000d6300000)
  object space 86016K, 0% used [0x0000000082800000,0x0000000082814010,0x0000000087c00000)
 Metaspace       used 20504K, capacity 21206K, committed 21296K, reserved 1067008K
  class space    used 2761K, capacity 2920K, committed 2944K, reserved 1048576K
Event: 14.333 GC heap after
Heap after GC invocations=2 (full 0):
 PSYoungGen      total 37888K, used 5104K [0x00000000d6300000, 0x00000000d8d00000, 0x0000000100000000)
  eden space 32768K, 0% used [0x00000000d6300000,0x00000000d6300000,0x00000000d8300000)
  from space 5120K, 99% used [0x00000000d8800000,0x00000000d8cfc060,0x00000000d8d00000)
  to   space 5120K, 0% used [0x00000000d8300000,0x00000000d8300000,0x00000000d8800000)
 ParOldGen       total 86016K, used 856K [0x0000000082800000, 0x0000000087c00000, 0x00000000d6300000)
  object space 86016K, 0% used [0x0000000082800000,0x00000000828d6010,0x0000000087c00000)
 Metaspace       used 20504K, capacity 21206K, committed 21296K, reserved 1067008K
  class space    used 2761K, capacity 2920K, committed 2944K, reserved 1048576K
}
Event: 14.333 GC heap before
{Heap before GC invocations=3 (full 1):
 PSYoungGen      total 37888K, used 5104K [0x00000000d6300000, 0x00000000d8d00000, 0x0000000100000000)
  eden space 32768K, 0% used [0x00000000d6300000,0x00000000d6300000,0x00000000d8300000)
  from space 5120K, 99% used [0x00000000d8800000,0x00000000d8cfc060,0x00000000d8d00000)
  to   space 5120K, 0% used [0x00000000d8300000,0x00000000d8300000,0x00000000d8800000)
 ParOldGen       total 86016K, used 856K [0x0000000082800000, 0x0000000087c00000, 0x00000000d6300000)
  object space 86016K, 0% used [0x0000000082800000,0x00000000828d6010,0x0000000087c00000)
 Metaspace       used 20504K, capacity 21206K, committed 21296K, reserved 1067008K
  class space    used 2761K, capacity 2920K, committed 2944K, reserved 1048576K
Event: 14.517 GC heap after
Heap after GC invocations=3 (full 1):
 PSYoungGen      total 37888K, used 0K [0x00000000d6300000, 0x00000000d8d00000, 0x0000000100000000)
  eden space 32768K, 0% used [0x00000000d6300000,0x00000000d6300000,0x00000000d8300000)
  from space 5120K, 0% used [0x00000000d8800000,0x00000000d8800000,0x00000000d8d00000)
  to   space 5120K, 0% used [0x00000000d8300000,0x00000000d8300000,0x00000000d8800000)
 ParOldGen       total 64512K, used 5866K [0x0000000082800000, 0x0000000086700000, 0x00000000d6300000)
  object space 64512K, 9% used [0x0000000082800000,0x0000000082dba9a0,0x0000000086700000)
 Metaspace       used 20504K, capacity 21206K, committed 21296K, reserved 1067008K
  class space    used 2761K, capacity 2920K, committed 2944K, reserved 1048576K
}
Event: 722.430 GC heap before
{Heap before GC invocations=4 (full 1):
 PSYoungGen      total 37888K, used 32768K [0x00000000d6300000, 0x00000000d8d00000, 0x0000000100000000)
  eden space 32768K, 100% used [0x00000000d6300000,0x00000000d8300000,0x00000000d8300000)
  from space 5120K, 0% used [0x00000000d8800000,0x00000000d8800000,0x00000000d8d00000)
  to   space 5120K, 0% used [0x00000000d8300000,0x00000000d8300000,0x00000000d8800000)
 ParOldGen       total 64512K, used 5866K [0x0000000082800000, 0x0000000086700000, 0x00000000d6300000)
  object space 64512K, 9% used [0x0000000082800000,0x0000000082dba9a0,0x0000000086700000)
 Metaspace       used 23666K, capacity 24458K, committed 24704K, reserved 1071104K
  class space    used 3149K, capacity 3344K, committed 3456K, reserved 1048576K
Event: 722.489 GC heap after
Heap after GC invocations=4 (full 1):
 PSYoungGen      total 37888K, used 4914K [0x00000000d6300000, 0x00000000d8d00000, 0x0000000100000000)
  eden space 32768K, 0% used [0x00000000d6300000,0x00000000d6300000,0x00000000d8300000)
  from space 5120K, 95% used [0x00000000d8300000,0x00000000d87ccaa0,0x00000000d8800000)
  to   space 5120K, 0% used [0x00000000d8800000,0x00000000d8800000,0x00000000d8d00000)
 ParOldGen       total 64512K, used 7922K [0x0000000082800000, 0x0000000086700000, 0x00000000d6300000)
  object space 64512K, 12% used [0x0000000082800000,0x0000000082fbc9b0,0x0000000086700000)
 Metaspace       used 23666K, capacity 24458K, committed 24704K, reserved 1071104K
  class space    used 3149K, capacity 3344K, committed 3456K, reserved 1048576K
}

